2019-07-03 10:39:13 user1 Shared requirements.txt with admin
2019-06-28 16:20:01 System Deleted_File TMR3QHNAypcY3iHApCL0Px49tjEN50ouupHXMp60M4frPlLe.encrypted - -
2019-06-28 16:19:02 admin Deleted_SharedRecord tree.jpeg 2019-06-28_15:48:30 user2
2019-06-28 15:49:30 user2 accessed tree.jpeg sharedby admin
2019-06-28 15:48:30 admin Shared tree.jpeg with user2
2019-06-28 15:46:02 System Deleted_File 4xeLy5mAiaxj5f7U22TgpfFMEbtt0VUXPjimXo2VDd2N3bWl.encrypted - -
2019-06-28 15:45:01 user2 Deleted_SharedRecord user2_hill.jpeg 2019-06-28_15:34:53 user4
2019-06-28 15:35:14 user4 accessed user2_hill.jpeg sharedby user2
2019-06-28 15:34:53 user2 Shared user2_hill.jpeg with user4
2019-06-28 12:46:01 user1 Deleted_SharedRecord 500.rar 2019-06-28_12:15:22 user4
2019-06-28 12:40:01 System Deleted_File mocHo8DrcdrRiIMUBWMse4baHIKRIJfp7vpPc56EgiHCo1xF.encrypted - -
2019-06-28 12:40:01 System Deleted_File mhM4ojY9QU6NwXJf33CiKmW89ZOcgRvAkt1xaUXyd4dxXvLS.encrypted - -
2019-06-28 12:40:01 System Deleted_File dgzwmK9k6uEPdczlaTTE8NGqPq1t5vV4AyzgMHFx5YHUfQ9i.encrypted - -
2019-06-28 12:39:02 user1 Deleted_SharedRecord requirements.txt 2019-06-28_12:18:31 user3
2019-06-28 12:39:02 user1 Deleted_SharedRecord requirements.txt 2019-06-28_12:20:34 user4
2019-06-28 12:39:02 user1 Deleted_SharedRecord softwares.rar 2019-06-28_12:00:50 admin
2019-06-28 12:39:02 user1 Deleted_SharedRecord requirements.txt 2019-06-28_12:21:31 admin
2019-06-28 12:39:01 user1 Deleted_SharedRecord user1_firefox-67.0.tar.bz2 2019-06-28_12:23:20 user2
2019-06-28 12:39:01 user1 Deleted_SharedRecord 500.rar 2019-06-28_12:25:08 user4
2019-06-28 12:39:01 user1 Deleted_SharedRecord 500.rar 2019-06-28_12:25:42 user3
2019-06-28 12:39:01 user1 Deleted_SharedRecord 263.rar 2019-06-28_12:28:45 user2
2019-06-28 12:35:01 user1 Deleted_SharedRecord user1_firefox-67.0.tar.bz2 2019-06-28_12:23:32 admin
2019-06-28 12:29:15 user2 accessed 263.rar sharedby user1
2019-06-28 12:28:45 user1 Shared 263.rar with user2
2019-06-28 12:26:53 user3 accessed 500.rar sharedby user1
2019-06-28 12:25:42 user1 Shared 500.rar with user3
2019-06-28 12:25:08 user1 Shared 500.rar with user4
2019-06-28 12:23:32 user1 Shared user1_firefox-67.0.tar.bz2 with admin
2019-06-28 12:23:20 user1 Shared user1_firefox-67.0.tar.bz2 with user2
2019-06-28 12:21:31 user1 Shared requirements.txt with admin
2019-06-28 12:20:34 user1 Shared requirements.txt with user4
2019-06-28 12:18:41 user1 Shared requirements.txt with user2
2019-06-28 12:18:31 user1 Shared requirements.txt with user3
2019-06-28 12:15:22 user1 Shared 500.rar with user4
2019-06-28 12:14:29 user2 accessed 500.rar sharedby user1
2019-06-28 12:13:54 user1 Shared 500.rar with user2
2019-06-28 12:07:00 user2 accessed softwares.rar sharedby user1
2019-06-28 12:02:14 admin accessed softwares.rar sharedby user1
2019-06-28 12:00:50 user1 Shared softwares.rar with admin
2019-06-28 11:59:50 user1 Shared softwares.rar with user2
2019-06-28 11:46:42 admin accessed 500.rar sharedby user1
2019-06-28 11:45:53 user1 Shared 500.rar with admin
2019-06-28 11:42:33 user3 accessed user3_autumn.jpg sharedby admin
2019-06-28 11:42:16 admin Shared user3_autumn.jpg with user3
2019-06-28 11:40:03 user1 accessed tree.jpeg sharedby admin
2019-06-28 11:39:49 admin Shared tree.jpeg with user1
2019-06-28 11:39:17 user1 accessed 10_agent_cloud_x64.msi sharedby admin
2019-06-28 11:39:00 admin Shared 10_agent_cloud_x64.msi with user1
2019-06-28 11:36:28 user1 accessed 10_agent_cloud_x64.msi sharedby admin
2019-06-28 11:33:38 admin Shared 10_agent_cloud_x64.msi with user1
2019-06-28 11:15:31 admin Shared 10_agent_cloud_x64.msi with user1
2019-06-28 11:04:18 user2 accessed 10_agent_cloud_x64.msi sharedby admin
2019-06-28 11:03:54 admin Shared 10_agent_cloud_x64.msi with user2
2019-06-28 10:51:02 user2 Shared a(1).py with admin
2019-06-27 14:17:47 user3 Shared bridge.jpeg with user1
2019-06-27 14:02:39 user3 Shared user3_Picha-3.zip with user2
2019-06-27 13:49:57 user3 accessed requirements.txt sharedby user1
2019-06-27 13:49:37 user1 Shared requirements.txt with user3
2019-06-27 13:36:43 user1 Shared a.py with user4
2019-06-27 13:36:42 user1 Shared a.py with user3
2019-06-27 13:27:12 user1 Shared requirements.txt with user3
2019-06-27 13:26:52 user1 Shared requirements.txt with user2
2019-06-27 13:17:47 user3 accessed a.py sharedby user1
2019-06-27 13:17:26 user1 Shared a.py with user4
2019-06-27 13:17:26 user1 Shared a.py with user3
2019-06-27 11:49:02 user2 Shared user2_6291 with user4
2019-06-27 11:49:02 user2 Shared user2_6291 with user3
2019-06-27 11:49:02 user2 Shared user2_6291 with user1
2019-06-27 11:49:02 user2 Shared user2_6291 with admin
2019-06-28 11:55:01 admin Deleted_SharedRecord user3_autumn.jpg 2019-06-28_11:42:16 user3
2019-06-28 12:00:03 user1 Deleted_SharedRecord 500.rar 2019-06-28_11:45:53 admin
2019-06-28 12:05:03 admin Deleted_SharedRecord 10_agent_cloud_x64.msi 2019-06-28_11:39:00 user1
2019-06-28 12:10:02 user1 Deleted_SharedRecord softwares.rar 2019-06-28_11:59:50 user2
2019-06-28 12:25:01 user1 Deleted_SharedRecord 500.rar 2019-06-28_12:13:54 user2
2019-06-28 12:30:02 user1 Deleted_SharedRecord requirements.txt 2019-06-28_12:18:41 user2
